platforms/android/app/build/outputs/logs/manifest-merger-debug-report.txt
-- Merging decision tree log ---
provider#android.support.v4.content.FileProvider
INJECTED from src\main\AndroidManifest.xml:12:9-14:20
	android:grantUriPermissions
		ADDED from src\main\AndroidManifest.xml:12:92-126
	android:authorities
		INJECTED from src\main\AndroidManifest.xml
		ADDED from src\main\AndroidManifest.xml:12:19-66
	android:exported
		ADDED from src\main\AndroidManifest.xml:12:67-91
	android:name
		ADDED from src\main\AndroidManifest.xml:12:127-181
provider#nl.xservices.plugins.FileProvider
INJECTED from src\main\AndroidManifest.xml:21:9-23:20
	android:grantUriPermissions
		ADDED from src\main\AndroidManifest.xml:21:100-134
	android:authorities
		INJECTED from src\main\AndroidManifest.xml
		ADDED from src\main\AndroidManifest.xml:21:19-74
	android:exported
		ADDED from src\main\AndroidManifest.xml:21:75-99
	android:name
		ADDED from src\main\AndroidManifest.xml:21:135-183
manifest
ADDED from src\main\AndroidManifest.xml:2:1-35:12
INJECTED from src\main\AndroidManifest.xml:2:1-35:12
INJECTED from src\main\AndroidManifest.xml:2:1-35:12
INJECTED from src\main\AndroidManifest.xml:2:1-35:12
MERGED from [com.android.support:support-v4:24.1.1] AndroidManifest.xml:17:1-27:12
MERGED from [:CordovaLib] AndroidManifest.xml:20:1-27:12
INJECTED from src\main\AndroidManifest.xml:2:1-35:12
INJECTED from src\main\AndroidManifest.xml:2:1-35:12
INJECTED from src\main\AndroidManifest.xml:2:1-35:12
	package
		ADDED from src\main\AndroidManifest.xml:2:102-125
		INJECTED from src\main\AndroidManifest.xml
		INJECTED from src\main\AndroidManifest.xml
	android:versionName
		ADDED from src\main\AndroidManifest.xml:2:74-101
		INJECTED from src\main\AndroidManifest.xml
		INJECTED from src\main\AndroidManifest.xml
	android:hardwareAccelerated
		ADDED from src\main\AndroidManifest.xml:2:11-45
	xmlns:android
		ADDED from src\main\AndroidManifest.xml:2:126-184
	android:versionCode
		ADDED from src\main\AndroidManifest.xml:2:46-73
		INJECTED from src\main\AndroidManifest.xml
		INJECTED from src\main\AndroidManifest.xml
supports-screens
ADDED from src\main\AndroidManifest.xml:3:5-191
	android:largeScreens
		ADDED from src\main\AndroidManifest.xml:3:49-76
	android:smallScreens
		ADDED from src\main\AndroidManifest.xml:3:132-159
	android:normalScreens
		ADDED from src\main\AndroidManifest.xml:3:77-105
	android:xlargeScreens
		ADDED from src\main\AndroidManifest.xml:3:160-188
	android:resizeable
		ADDED from src\main\AndroidManifest.xml:3:106-131
	android:anyDensity
		ADDED from src\main\AndroidManifest.xml:3:23-48
uses-permission#android.permission.INTERNET
ADDED from src\main\AndroidManifest.xml:4:5-67
	android:name
		ADDED from src\main\AndroidManifest.xml:4:22-64
application
ADDED from src\main\AndroidManifest.xml:5:5-24:19
MERGED from [com.android.support:support-v4:24.1.1] AndroidManifest.xml:25:5-20
MERGED from [com.android.support:support-v4:24.1.1] AndroidManifest.xml:25:5-20
	android:supportsRtl
		ADDED from src\main\AndroidManifest.xml:5:114-140
	android:label
		ADDED from src\main\AndroidManifest.xml:5:81-113
	android:hardwareAccelerated
		ADDED from src\main\AndroidManifest.xml:5:18-52
	android:icon
		ADDED from src\main\AndroidManifest.xml:5:53-80
activity#com.mplay.app.MainActivity
ADDED from src\main\AndroidManifest.xml:6:9-11:20
	android:label
		ADDED from src\main\AndroidManifest.xml:6:97-134
	android:launchMode
		ADDED from src\main\AndroidManifest.xml:6:135-165
	android:windowSoftInputMode
		ADDED from src\main\AndroidManifest.xml:6:257-299
	android:configChanges
		ADDED from src\main\AndroidManifest.xml:6:19-96
	android:theme
		ADDED from src\main\AndroidManifest.xml:6:194-256
	android:name
		ADDED from src\main\AndroidManifest.xml:6:166-193
intent-filter#android.intent.action.MAIN+android.intent.category.LAUNCHER
ADDED from src\main\AndroidManifest.xml:7:13-10:29
	android:label
		ADDED from src\main\AndroidManifest.xml:7:28-65
action#android.intent.action.MAIN
ADDED from src\main\AndroidManifest.xml:8:17-69
	android:name
		ADDED from src\main\AndroidManifest.xml:8:25-66
category#android.intent.category.LAUNCHER
ADDED from src\main\AndroidManifest.xml:9:17-77
	android:name
		ADDED from src\main\AndroidManifest.xml:9:27-74
activity#de.appplant.cordova.plugin.printer.ui.SelectPrinterActivity
ADDED from src\main\AndroidManifest.xml:15:9-145
	android:label
		ADDED from src\main\AndroidManifest.xml:15:44-67
	android:exported
		ADDED from src\main\AndroidManifest.xml:15:19-43
	android:name
		ADDED from src\main\AndroidManifest.xml:15:68-142
receiver#nl.xservices.plugins.ShareChooserPendingIntent
ADDED from src\main\AndroidManifest.xml:16:9-20:20
	android:enabled
		ADDED from src\main\AndroidManifest.xml:16:19-41
	android:name
		ADDED from src\main\AndroidManifest.xml:16:42-103
intent-filter#android.intent.action.SEND
ADDED from src\main\AndroidManifest.xml:17:13-19:29
action#android.intent.action.SEND
ADDED from src\main\AndroidManifest.xml:18:17-69
	android:name
		ADDED from src\main\AndroidManifest.xml:18:25-66
uses-sdk
ADDED from src\main\AndroidManifest.xml:25:5-74
MERGED from [com.android.support:support-v4:24.1.1] AndroidManifest.xml:21:5-23:54
MERGED from [com.android.support:support-v4:24.1.1] AndroidManifest.xml:21:5-23:54
MERGED from [:CordovaLib] AndroidManifest.xml:25:5-44
MERGED from [:CordovaLib] AndroidManifest.xml:25:5-44
	tools:overrideLibrary
		ADDED from [com.android.support:support-v4:24.1.1] AndroidManifest.xml:23:9-51
	android:targetSdkVersion
		ADDED from src\main\AndroidManifest.xml:25:42-71
	android:minSdkVersion
		ADDED from src\main\AndroidManifest.xml:25:15-41
uses-permission#android.permission.WRITE_EXTERNAL_STORAGE
ADDED from src\main\AndroidManifest.xml:26:5-81
	android:name
		ADDED from src\main\AndroidManifest.xml:26:22-78
uses-permission#android.permission.ACCESS_COARSE_LOCATION
ADDED from src\main\AndroidManifest.xml:27:5-81
	android:name
		ADDED from src\main\AndroidManifest.xml:27:22-78
uses-permission#android.permission.ACCESS_FINE_LOCATION
ADDED from src\main\AndroidManifest.xml:28:5-79
	android:name
		ADDED from src\main\AndroidManifest.xml:28:22-76
uses-feature#android.hardware.location.gps
ADDED from src\main\AndroidManifest.xml:29:5-66
	android:name
		ADDED from src\main\AndroidManifest.xml:29:19-63
uses-permission#android.permission.RECORD_AUDIO
ADDED from src\main\AndroidManifest.xml:30:5-71
	android:name
		ADDED from src\main\AndroidManifest.xml:30:22-68
uses-permission#android.permission.RECORD_VIDEO
ADDED from src\main\AndroidManifest.xml:31:5-71
	android:name
		ADDED from src\main\AndroidManifest.xml:31:22-68
uses-permission#android.permission.READ_EXTERNAL_STORAGE
ADDED from src\main\AndroidManifest.xml:32:5-80
	android:name
		ADDED from src\main\AndroidManifest.xml:32:22-77
uses-permission#android.permission.ACCESS_NETWORK_STATE
ADDED from src\main\AndroidManifest.xml:33:5-79
	android:name
		ADDED from src\main\AndroidManifest.xml:33:22-76
uses-permission#android.permission.VIBRATE
ADDED from src\main\AndroidManifest.xml:34:5-66
	android:name
		ADDED from src\main\AndroidManifest.xml:34:22-63
meta-data#android.support.FILE_PROVIDER_PATHS
ADDED from src\main\AndroidManifest.xml:13:13-116
	android:resource
		ADDED from src\main\AndroidManifest.xml:13:75-113
	android:name
		ADDED from src\main\AndroidManifest.xml:13:24-74